1583971626075	mozrunner::runner	INFO	Running command: "/usr/bin/firefox" "-marionette" "-foreground" "-no-remote" "-profile" "/tmp/rust_mozprofilekFuG0w"
1583971633704	mozrunner::runner	INFO	Running command: "/usr/bin/firefox" "-marionette" "-foreground" "-no-remote" "-profile" "/tmp/rust_mozprofileOqE1C1"
1583971657880	mozrunner::runner	INFO	Running command: "/usr/bin/firefox" "-marionette" "-foreground" "-no-remote" "-profile" "/tmp/rust_mozprofilef2UILu"
1583971658694	addons.webextension.screenshots@mozilla.org	WARN	Loading extension 'screenshots@mozilla.org': Reading manifest: Invalid extension permission: mozillaAddons
1583971658694	addons.webextension.screenshots@mozilla.org	WARN	Loading extension 'screenshots@mozilla.org': Reading manifest: Invalid extension permission: telemetry
1583971658694	addons.webextension.screenshots@mozilla.org	WARN	Loading extension 'screenshots@mozilla.org': Reading manifest: Invalid extension permission: resource://pdf.js/
1583971658694	addons.webextension.screenshots@mozilla.org	WARN	Loading extension 'screenshots@mozilla.org': Reading manifest: Invalid extension permission: about:reader*
JavaScript error: resource:///modules/sessionstore/SessionStore.jsm, line 1325: uncaught exception: 2147746065
1583971662436	Marionette	INFO	Listening on port 44005
1583971662550	Marionette	WARN	TLS certificate errors will be ignored for this session
JavaScript error: resource:///actors/OfflineAppsChild.jsm, line 32: TypeError: manifestURI is null
JavaScript warning: https://web.whatsapp.com/app.a8aee3263acf3b647bd5.js, line 2: unreachable code after return statement
JavaScript warning: https://web.whatsapp.com/app.a8aee3263acf3b647bd5.js, line 2: unreachable code after return statement
1583971668394	Marionette	INFO	Stopped listening on port 44005
1583971948707	mozrunner::runner	INFO	Running command: "/usr/bin/firefox" "-marionette" "-foreground" "-no-remote" "-profile" "/tmp/rust_mozprofilezcxAFP"
1583971949463	addons.webextension.screenshots@mozilla.org	WARN	Loading extension 'screenshots@mozilla.org': Reading manifest: Invalid extension permission: mozillaAddons
1583971949464	addons.webextension.screenshots@mozilla.org	WARN	Loading extension 'screenshots@mozilla.org': Reading manifest: Invalid extension permission: telemetry
1583971949464	addons.webextension.screenshots@mozilla.org	WARN	Loading extension 'screenshots@mozilla.org': Reading manifest: Invalid extension permission: resource://pdf.js/
1583971949464	addons.webextension.screenshots@mozilla.org	WARN	Loading extension 'screenshots@mozilla.org': Reading manifest: Invalid extension permission: about:reader*
JavaScript error: resource:///modules/sessionstore/SessionStore.jsm, line 1325: uncaught exception: 2147746065
1583971952307	Marionette	INFO	Listening on port 33423
1583971952319	Marionette	WARN	TLS certificate errors will be ignored for this session
JavaScript error: resource:///actors/OfflineAppsChild.jsm, line 32: TypeError: manifestURI is null
JavaScript warning: https://web.whatsapp.com/app.a8aee3263acf3b647bd5.js, line 2: unreachable code after return statement
JavaScript warning: https://web.whatsapp.com/app.a8aee3263acf3b647bd5.js, line 2: unreachable code after return statement
1583971957854	Marionette	INFO	Stopped listening on port 33423
1583971978639	mozrunner::runner	INFO	Running command: "/usr/bin/firefox" "-marionette" "-foreground" "-no-remote" "-profile" "/tmp/rust_mozprofileiZtI3m"
1583971979345	addons.webextension.screenshots@mozilla.org	WARN	Loading extension 'screenshots@mozilla.org': Reading manifest: Invalid extension permission: mozillaAddons
1583971979346	addons.webextension.screenshots@mozilla.org	WARN	Loading extension 'screenshots@mozilla.org': Reading manifest: Invalid extension permission: telemetry
1583971979346	addons.webextension.screenshots@mozilla.org	WARN	Loading extension 'screenshots@mozilla.org': Reading manifest: Invalid extension permission: resource://pdf.js/
1583971979346	addons.webextension.screenshots@mozilla.org	WARN	Loading extension 'screenshots@mozilla.org': Reading manifest: Invalid extension permission: about:reader*
JavaScript error: resource:///modules/sessionstore/SessionStore.jsm, line 1325: uncaught exception: 2147746065
1583971981953	Marionette	INFO	Listening on port 34281
1583971982051	Marionette	WARN	TLS certificate errors will be ignored for this session
JavaScript error: resource:///actors/OfflineAppsChild.jsm, line 32: TypeError: manifestURI is null
JavaScript warning: https://web.whatsapp.com/app.a8aee3263acf3b647bd5.js, line 2: unreachable code after return statement
JavaScript warning: https://web.whatsapp.com/app.a8aee3263acf3b647bd5.js, line 2: unreachable code after return statement
console.warn: "Error while detaching the thread front: 'detach' request packet to 'server1.conn0.child1/context18' can't be sent as the connection is closed."
[Parent 3059, Gecko_IOThread] WARNING: pipe error (68): Connection reset by peer: file /build/firefox-esr-tpvy6K/firefox-esr-68.2.0esr/ipc/chromium/src/chrome/common/ipc_channel_posix.cc, line 358
1583972046852	Marionette	INFO	Stopped listening on port 34281

###!!! [Parent][RunMessage] Error: Channel closing: too late to send/recv, messages will be lost

