1582255390403	mozrunner::runner	INFO	Running command: "/usr/bin/firefox" "-marionette" "-foreground" "-no-remote" "-profile" "/tmp/rust_mozprofilek61M2Z"
1582255391173	addons.webextension.screenshots@mozilla.org	WARN	Loading extension 'screenshots@mozilla.org': Reading manifest: Invalid extension permission: mozillaAddons
1582255391173	addons.webextension.screenshots@mozilla.org	WARN	Loading extension 'screenshots@mozilla.org': Reading manifest: Invalid extension permission: telemetry
1582255391173	addons.webextension.screenshots@mozilla.org	WARN	Loading extension 'screenshots@mozilla.org': Reading manifest: Invalid extension permission: resource://pdf.js/
1582255391173	addons.webextension.screenshots@mozilla.org	WARN	Loading extension 'screenshots@mozilla.org': Reading manifest: Invalid extension permission: about:reader*
JavaScript error: resource:///modules/sessionstore/SessionStore.jsm, line 1325: uncaught exception: 2147746065
1582255393820	Marionette	INFO	Listening on port 33601
1582255393914	Marionette	WARN	TLS certificate errors will be ignored for this session

###!!! [Child][MessageChannel] Error: (msgtype=0x53000D,name=PHttpChannel::Msg_RemoveCorsPreflightCacheEntry) Channel closing: too late to send/recv, messages will be lost


###!!! [Child][MessageChannel] Error: (msgtype=0x530005,name=PHttpChannel::Msg_Cancel) Channel closing: too late to send/recv, messages will be lost


###!!! [Child][MessageChannel] Error: (msgtype=0x530005,name=PHttpChannel::Msg_Cancel) Closed channel: cannot send/recv

[Parent 33019, Gecko_IOThread] WARNING: pipe error (129): Connection reset by peer: file /build/firefox-esr-tpvy6K/firefox-esr-68.2.0esr/ipc/chromium/src/chrome/common/ipc_channel_posix.cc, line 358
1582255406122	Marionette	INFO	Stopped listening on port 33601
1582256185316	mozrunner::runner	INFO	Running command: "/usr/bin/firefox" "-marionette" "-foreground" "-no-remote" "-profile" "/tmp/rust_mozprofileDYBy9U"
1582256186091	addons.webextension.screenshots@mozilla.org	WARN	Loading extension 'screenshots@mozilla.org': Reading manifest: Invalid extension permission: mozillaAddons
1582256186091	addons.webextension.screenshots@mozilla.org	WARN	Loading extension 'screenshots@mozilla.org': Reading manifest: Invalid extension permission: telemetry
1582256186091	addons.webextension.screenshots@mozilla.org	WARN	Loading extension 'screenshots@mozilla.org': Reading manifest: Invalid extension permission: resource://pdf.js/
1582256186092	addons.webextension.screenshots@mozilla.org	WARN	Loading extension 'screenshots@mozilla.org': Reading manifest: Invalid extension permission: about:reader*
JavaScript error: resource:///modules/sessionstore/SessionStore.jsm, line 1325: uncaught exception: 2147746065
1582256188711	Marionette	INFO	Listening on port 43127
1582256188726	Marionette	WARN	TLS certificate errors will be ignored for this session
1582256194549	Marionette	INFO	Stopped listening on port 43127
1582256312385	mozrunner::runner	INFO	Running command: "/usr/bin/firefox" "-marionette" "-foreground" "-no-remote" "-profile" "/tmp/rust_mozprofileBK7T2d"
1582256313125	addons.webextension.screenshots@mozilla.org	WARN	Loading extension 'screenshots@mozilla.org': Reading manifest: Invalid extension permission: mozillaAddons
1582256313126	addons.webextension.screenshots@mozilla.org	WARN	Loading extension 'screenshots@mozilla.org': Reading manifest: Invalid extension permission: telemetry
1582256313126	addons.webextension.screenshots@mozilla.org	WARN	Loading extension 'screenshots@mozilla.org': Reading manifest: Invalid extension permission: resource://pdf.js/
1582256313126	addons.webextension.screenshots@mozilla.org	WARN	Loading extension 'screenshots@mozilla.org': Reading manifest: Invalid extension permission: about:reader*
JavaScript error: resource:///modules/sessionstore/SessionStore.jsm, line 1325: uncaught exception: 2147746065
1582256315793	Marionette	INFO	Listening on port 46267
1582256315899	Marionette	WARN	TLS certificate errors will be ignored for this session

###!!! [Child][MessageChannel] Error: (msgtype=0x530005,name=PHttpChannel::Msg_Cancel) Closed channel: cannot send/recv


###!!! [Child][MessageChannel] Error: (msgtype=0x53000D,name=PHttpChannel::Msg_RemoveCorsPreflightCacheEntry) Closed channel: cannot send/recv


###!!! [Child][MessageChannel] Error: (msgtype=0x530005,name=PHttpChannel::Msg_Cancel) Closed channel: cannot send/recv

[Parent 34558, Gecko_IOThread] WARNING: pipe error (130): Connection reset by peer: file /build/firefox-esr-tpvy6K/firefox-esr-68.2.0esr/ipc/chromium/src/chrome/common/ipc_channel_posix.cc, line 358
1582256328724	Marionette	INFO	Stopped listening on port 46267
1582257916576	mozrunner::runner	INFO	Running command: "/usr/bin/firefox" "-marionette" "-foreground" "-no-remote" "-profile" "/tmp/rust_mozprofilesJJQ0w"
1582257917291	addons.webextension.screenshots@mozilla.org	WARN	Loading extension 'screenshots@mozilla.org': Reading manifest: Invalid extension permission: mozillaAddons
1582257917291	addons.webextension.screenshots@mozilla.org	WARN	Loading extension 'screenshots@mozilla.org': Reading manifest: Invalid extension permission: telemetry
1582257917292	addons.webextension.screenshots@mozilla.org	WARN	Loading extension 'screenshots@mozilla.org': Reading manifest: Invalid extension permission: resource://pdf.js/
1582257917292	addons.webextension.screenshots@mozilla.org	WARN	Loading extension 'screenshots@mozilla.org': Reading manifest: Invalid extension permission: about:reader*
JavaScript error: resource:///modules/sessionstore/SessionStore.jsm, line 1325: uncaught exception: 2147746065
1582257919914	Marionette	INFO	Listening on port 42625
1582257919987	Marionette	WARN	TLS certificate errors will be ignored for this session
1582257928134	Marionette	INFO	Stopped listening on port 42625
1582259411163	mozrunner::runner	INFO	Running command: "/usr/bin/firefox" "-marionette" "-foreground" "-no-remote" "-profile" "/tmp/rust_mozprofileotdWU7"
1582259411862	addons.webextension.screenshots@mozilla.org	WARN	Loading extension 'screenshots@mozilla.org': Reading manifest: Invalid extension permission: mozillaAddons
1582259411862	addons.webextension.screenshots@mozilla.org	WARN	Loading extension 'screenshots@mozilla.org': Reading manifest: Invalid extension permission: telemetry
1582259411862	addons.webextension.screenshots@mozilla.org	WARN	Loading extension 'screenshots@mozilla.org': Reading manifest: Invalid extension permission: resource://pdf.js/
1582259411862	addons.webextension.screenshots@mozilla.org	WARN	Loading extension 'screenshots@mozilla.org': Reading manifest: Invalid extension permission: about:reader*
JavaScript error: resource:///modules/sessionstore/SessionStore.jsm, line 1325: uncaught exception: 2147746065
1582259414491	Marionette	INFO	Listening on port 34057
1582259414582	Marionette	WARN	TLS certificate errors will be ignored for this session
[Parent 38927, Gecko_IOThread] WARNING: pipe error (105): Connection reset by peer: file /build/firefox-esr-tpvy6K/firefox-esr-68.2.0esr/ipc/chromium/src/chrome/common/ipc_channel_posix.cc, line 358
1582259446284	Marionette	INFO	Stopped listening on port 34057
1582259469757	mozrunner::runner	INFO	Running command: "/usr/bin/firefox" "-marionette" "-foreground" "-no-remote" "-profile" "/tmp/rust_mozprofileR5MlWN"
1582259470514	addons.webextension.screenshots@mozilla.org	WARN	Loading extension 'screenshots@mozilla.org': Reading manifest: Invalid extension permission: mozillaAddons
1582259470514	addons.webextension.screenshots@mozilla.org	WARN	Loading extension 'screenshots@mozilla.org': Reading manifest: Invalid extension permission: telemetry
1582259470514	addons.webextension.screenshots@mozilla.org	WARN	Loading extension 'screenshots@mozilla.org': Reading manifest: Invalid extension permission: resource://pdf.js/
1582259470514	addons.webextension.screenshots@mozilla.org	WARN	Loading extension 'screenshots@mozilla.org': Reading manifest: Invalid extension permission: about:reader*
JavaScript error: resource:///modules/sessionstore/SessionStore.jsm, line 1325: uncaught exception: 2147746065
1582259473250	Marionette	INFO	Listening on port 42995
1582259473268	Marionette	WARN	TLS certificate errors will be ignored for this session
1582259483986	Marionette	INFO	Stopped listening on port 42995

###!!! [Child][RunMessage] Error: Channel closing: too late to send/recv, messages will be lost

1582267182601	mozrunner::runner	INFO	Running command: "/usr/bin/firefox" "-marionette" "-foreground" "-no-remote" "-profile" "/tmp/rust_mozprofile2nlHgA"
1582267183315	addons.webextension.screenshots@mozilla.org	WARN	Loading extension 'screenshots@mozilla.org': Reading manifest: Invalid extension permission: mozillaAddons
1582267183316	addons.webextension.screenshots@mozilla.org	WARN	Loading extension 'screenshots@mozilla.org': Reading manifest: Invalid extension permission: telemetry
1582267183316	addons.webextension.screenshots@mozilla.org	WARN	Loading extension 'screenshots@mozilla.org': Reading manifest: Invalid extension permission: resource://pdf.js/
1582267183316	addons.webextension.screenshots@mozilla.org	WARN	Loading extension 'screenshots@mozilla.org': Reading manifest: Invalid extension permission: about:reader*
JavaScript error: resource:///modules/sessionstore/SessionStore.jsm, line 1325: uncaught exception: 2147746065
1582267185906	Marionette	INFO	Listening on port 40817
1582267185913	Marionette	WARN	TLS certificate errors will be ignored for this session
[Child 48721, Chrome_ChildThread] WARNING: pipe error: Broken pipe: file /build/firefox-esr-tpvy6K/firefox-esr-68.2.0esr/ipc/chromium/src/chrome/common/ipc_channel_posix.cc, line 727
[Child 48721, Chrome_ChildThread] WARNING: pipe error: Broken pipe: file /build/firefox-esr-tpvy6K/firefox-esr-68.2.0esr/ipc/chromium/src/chrome/common/ipc_channel_posix.cc, line 727
[Child 48721, Chrome_ChildThread] WARNING: pipe error: Broken pipe: file /build/firefox-esr-tpvy6K/firefox-esr-68.2.0esr/ipc/chromium/src/chrome/common/ipc_channel_posix.cc, line 727
[Child 48721, Chrome_ChildThread] WARNING: pipe error: Broken pipe: file /build/firefox-esr-tpvy6K/firefox-esr-68.2.0esr/ipc/chromium/src/chrome/common/ipc_channel_posix.cc, line 727
[Child 48721, Chrome_ChildThread] WARNING: pipe error: Broken pipe: file /build/firefox-esr-tpvy6K/firefox-esr-68.2.0esr/ipc/chromium/src/chrome/common/ipc_channel_posix.cc, line 727
[Child 48721, Chrome_ChildThread] WARNING: pipe error (3): Connection reset by peer: file /build/firefox-esr-tpvy6K/firefox-esr-68.2.0esr/ipc/chromium/src/chrome/common/ipc_channel_posix.cc, line 358
1582267203519	Marionette	INFO	Stopped listening on port 40817
1582267231528	mozrunner::runner	INFO	Running command: "/usr/bin/firefox" "-marionette" "-foreground" "-no-remote" "-profile" "/tmp/rust_mozprofileAkfnCE"
1582267232240	addons.webextension.screenshots@mozilla.org	WARN	Loading extension 'screenshots@mozilla.org': Reading manifest: Invalid extension permission: mozillaAddons
1582267232241	addons.webextension.screenshots@mozilla.org	WARN	Loading extension 'screenshots@mozilla.org': Reading manifest: Invalid extension permission: telemetry
1582267232241	addons.webextension.screenshots@mozilla.org	WARN	Loading extension 'screenshots@mozilla.org': Reading manifest: Invalid extension permission: resource://pdf.js/
1582267232241	addons.webextension.screenshots@mozilla.org	WARN	Loading extension 'screenshots@mozilla.org': Reading manifest: Invalid extension permission: about:reader*
JavaScript error: resource:///modules/sessionstore/SessionStore.jsm, line 1325: uncaught exception: 2147746065
1582267234946	Marionette	INFO	Listening on port 38743
1582267235040	Marionette	WARN	TLS certificate errors will be ignored for this session
1582267259562	mozrunner::runner	INFO	Running command: "/usr/bin/firefox" "-marionette" "-foreground" "-no-remote" "-profile" "/tmp/rust_mozprofileDxxGte"
1582267260307	addons.webextension.screenshots@mozilla.org	WARN	Loading extension 'screenshots@mozilla.org': Reading manifest: Invalid extension permission: mozillaAddons
1582267260307	addons.webextension.screenshots@mozilla.org	WARN	Loading extension 'screenshots@mozilla.org': Reading manifest: Invalid extension permission: telemetry
1582267260307	addons.webextension.screenshots@mozilla.org	WARN	Loading extension 'screenshots@mozilla.org': Reading manifest: Invalid extension permission: resource://pdf.js/
1582267260307	addons.webextension.screenshots@mozilla.org	WARN	Loading extension 'screenshots@mozilla.org': Reading manifest: Invalid extension permission: about:reader*
JavaScript error: resource:///modules/sessionstore/SessionStore.jsm, line 1325: uncaught exception: 2147746065
1582267262982	Marionette	INFO	Listening on port 34937
1582267263073	Marionette	WARN	TLS certificate errors will be ignored for this session
1582267379397	mozrunner::runner	INFO	Running command: "/usr/bin/firefox" "-marionette" "-foreground" "-no-remote" "-profile" "/tmp/rust_mozprofilePf0xaj"
1582267380121	addons.webextension.screenshots@mozilla.org	WARN	Loading extension 'screenshots@mozilla.org': Reading manifest: Invalid extension permission: mozillaAddons
1582267380122	addons.webextension.screenshots@mozilla.org	WARN	Loading extension 'screenshots@mozilla.org': Reading manifest: Invalid extension permission: telemetry
1582267380122	addons.webextension.screenshots@mozilla.org	WARN	Loading extension 'screenshots@mozilla.org': Reading manifest: Invalid extension permission: resource://pdf.js/
1582267380122	addons.webextension.screenshots@mozilla.org	WARN	Loading extension 'screenshots@mozilla.org': Reading manifest: Invalid extension permission: about:reader*
JavaScript error: resource:///modules/sessionstore/SessionStore.jsm, line 1325: uncaught exception: 2147746065
1582267382716	Marionette	INFO	Listening on port 46165
1582267382810	Marionette	WARN	TLS certificate errors will be ignored for this session
[Parent 49439, Gecko_IOThread] WARNING: pipe error (68): Connection reset by peer: file /build/firefox-esr-tpvy6K/firefox-esr-68.2.0esr/ipc/chromium/src/chrome/common/ipc_channel_posix.cc, line 358
[Parent 49439, Gecko_IOThread] WARNING: pipe error (59): Connection reset by peer: file /build/firefox-esr-tpvy6K/firefox-esr-68.2.0esr/ipc/chromium/src/chrome/common/ipc_channel_posix.cc, line 358
1582267483581	Marionette	INFO	Stopped listening on port 46165
console.error: "Error while calling actor 'pagestyle's method 'getLayout'" "node is null"
console.error: "getLayout@resource://devtools/server/actors/styles.js:914:5\nhandler@resource://devtools/shared/protocol.js:1221:37\nonPacket@resource://devtools/server/main.js:1395:58\nreceiveMessage@resource://devtools/shared/transport/child-transport.js:66:16\n"
console.error: "Protocol error (unknownError): node is null"
console.warn: "Error while detaching the thread front: 'detach' request packet to 'server1.conn0.child1/context18' can't be sent as the connection is closed."
console.warn: LoginRecipes: "getRecipes: falling back to a synchronous message for:" "https://www.instagram.com"
console.warn: nsLoginManager: "searchLogins: `formSubmitURL` or `httpRealm` is recommended"
console.warn: LoginRecipes: "getRecipes: falling back to a synchronous message for:" "https://www.instagram.com"
console.warn: nsLoginManager: "searchLogins: `formSubmitURL` or `httpRealm` is recommended"
console.warn: LoginRecipes: "getRecipes: falling back to a synchronous message for:" "https://www.instagram.com"
console.warn: nsLoginManager: "searchLogins: `formSubmitURL` or `httpRealm` is recommended"
1582267682203	mozrunner::runner	INFO	Running command: "/usr/bin/firefox" "-marionette" "-foreground" "-no-remote" "-profile" "/tmp/rust_mozprofileg7hma9"
1582267682940	addons.webextension.screenshots@mozilla.org	WARN	Loading extension 'screenshots@mozilla.org': Reading manifest: Invalid extension permission: mozillaAddons
1582267682941	addons.webextension.screenshots@mozilla.org	WARN	Loading extension 'screenshots@mozilla.org': Reading manifest: Invalid extension permission: telemetry
1582267682941	addons.webextension.screenshots@mozilla.org	WARN	Loading extension 'screenshots@mozilla.org': Reading manifest: Invalid extension permission: resource://pdf.js/
1582267682941	addons.webextension.screenshots@mozilla.org	WARN	Loading extension 'screenshots@mozilla.org': Reading manifest: Invalid extension permission: about:reader*
JavaScript error: resource:///modules/sessionstore/SessionStore.jsm, line 1325: uncaught exception: 2147746065
1582267685621	Marionette	INFO	Listening on port 40293
1582267685719	Marionette	WARN	TLS certificate errors will be ignored for this session

###!!! [Child][MessageChannel] Error: (msgtype=0x530005,name=PHttpChannel::Msg_Cancel) Closed channel: cannot send/recv


###!!! [Child][MessageChannel] Error: (msgtype=0x530005,name=PHttpChannel::Msg_Cancel) Closed channel: cannot send/recv

1582267696101	Marionette	INFO	Stopped listening on port 40293
1582267803521	mozrunner::runner	INFO	Running command: "/usr/bin/firefox" "-marionette" "-foreground" "-no-remote" "-profile" "/tmp/rust_mozprofilemVP2ky"
1582267804235	addons.webextension.screenshots@mozilla.org	WARN	Loading extension 'screenshots@mozilla.org': Reading manifest: Invalid extension permission: mozillaAddons
1582267804235	addons.webextension.screenshots@mozilla.org	WARN	Loading extension 'screenshots@mozilla.org': Reading manifest: Invalid extension permission: telemetry
1582267804235	addons.webextension.screenshots@mozilla.org	WARN	Loading extension 'screenshots@mozilla.org': Reading manifest: Invalid extension permission: resource://pdf.js/
1582267804236	addons.webextension.screenshots@mozilla.org	WARN	Loading extension 'screenshots@mozilla.org': Reading manifest: Invalid extension permission: about:reader*
JavaScript error: resource:///modules/sessionstore/SessionStore.jsm, line 1325: uncaught exception: 2147746065
1582267806950	Marionette	INFO	Listening on port 44659
1582267807036	Marionette	WARN	TLS certificate errors will be ignored for this session

###!!! [Child][MessageChannel] Error: (msgtype=0x530005,name=PHttpChannel::Msg_Cancel) Closed channel: cannot send/recv


###!!! [Child][MessageChannel] Error: (msgtype=0x53000D,name=PHttpChannel::Msg_RemoveCorsPreflightCacheEntry) Closed channel: cannot send/recv


###!!! [Child][MessageChannel] Error: (msgtype=0x530005,name=PHttpChannel::Msg_Cancel) Closed channel: cannot send/recv


###!!! [Child][MessageChannel] Error: (msgtype=0x530005,name=PHttpChannel::Msg_Cancel) Closed channel: cannot send/recv

[Parent 50334, Gecko_IOThread] WARNING: pipe error (130): Connection reset by peer: file /build/firefox-esr-tpvy6K/firefox-esr-68.2.0esr/ipc/chromium/src/chrome/common/ipc_channel_posix.cc, line 358
1582267828641	Marionette	INFO	Stopped listening on port 44659
console.warn: LoginRecipes: "getRecipes: falling back to a synchronous message for:" "https://www.instagram.com"
console.warn: nsLoginManager: "searchLogins: `formSubmitURL` or `httpRealm` is recommended"
console.warn: LoginRecipes: "getRecipes: falling back to a synchronous message for:" "https://www.instagram.com"
console.warn: nsLoginManager: "searchLogins: `formSubmitURL` or `httpRealm` is recommended"
console.warn: LoginRecipes: "getRecipes: falling back to a synchronous message for:" "https://www.instagram.com"
console.warn: LoginRecipes: "getRecipes: falling back to a synchronous message for:" "https://www.instagram.com"
1582268152259	mozrunner::runner	INFO	Running command: "/usr/bin/firefox" "-marionette" "-foreground" "-no-remote" "-profile" "/tmp/rust_mozprofileKsXlAN"
1582268152974	addons.webextension.screenshots@mozilla.org	WARN	Loading extension 'screenshots@mozilla.org': Reading manifest: Invalid extension permission: mozillaAddons
1582268152974	addons.webextension.screenshots@mozilla.org	WARN	Loading extension 'screenshots@mozilla.org': Reading manifest: Invalid extension permission: telemetry
1582268152975	addons.webextension.screenshots@mozilla.org	WARN	Loading extension 'screenshots@mozilla.org': Reading manifest: Invalid extension permission: resource://pdf.js/
1582268152975	addons.webextension.screenshots@mozilla.org	WARN	Loading extension 'screenshots@mozilla.org': Reading manifest: Invalid extension permission: about:reader*
JavaScript error: resource:///modules/sessionstore/SessionStore.jsm, line 1325: uncaught exception: 2147746065
1582268155621	Marionette	INFO	Listening on port 42139
1582268155668	Marionette	WARN	TLS certificate errors will be ignored for this session
1582268193740	mozrunner::runner	INFO	Running command: "/usr/bin/firefox" "-marionette" "-foreground" "-no-remote" "-profile" "/tmp/rust_mozprofilehnepND"
1582268194495	addons.webextension.screenshots@mozilla.org	WARN	Loading extension 'screenshots@mozilla.org': Reading manifest: Invalid extension permission: mozillaAddons
1582268194496	addons.webextension.screenshots@mozilla.org	WARN	Loading extension 'screenshots@mozilla.org': Reading manifest: Invalid extension permission: telemetry
1582268194496	addons.webextension.screenshots@mozilla.org	WARN	Loading extension 'screenshots@mozilla.org': Reading manifest: Invalid extension permission: resource://pdf.js/
1582268194496	addons.webextension.screenshots@mozilla.org	WARN	Loading extension 'screenshots@mozilla.org': Reading manifest: Invalid extension permission: about:reader*
JavaScript error: resource:///modules/sessionstore/SessionStore.jsm, line 1325: uncaught exception: 2147746065
1582268197223	Marionette	INFO	Listening on port 37831
1582268197252	Marionette	WARN	TLS certificate errors will be ignored for this session
console.warn: "Error while detaching the thread front: 'detach' request packet to 'server1.conn0.child1/context18' can't be sent as the connection is closed."

###!!! [Child][MessageChannel] Error: (msgtype=0x53000D,name=PHttpChannel::Msg_RemoveCorsPreflightCacheEntry) Closed channel: cannot send/recv


###!!! [Child][MessageChannel] Error: (msgtype=0x530005,name=PHttpChannel::Msg_Cancel) Closed channel: cannot send/recv

[Parent 51155, Gecko_IOThread] WARNING: pipe error (60): Connection reset by peer: file /build/firefox-esr-tpvy6K/firefox-esr-68.2.0esr/ipc/chromium/src/chrome/common/ipc_channel_posix.cc, line 358
[Parent 51155, Gecko_IOThread] WARNING: pipe error (130): Connection reset by peer: file /build/firefox-esr-tpvy6K/firefox-esr-68.2.0esr/ipc/chromium/src/chrome/common/ipc_channel_posix.cc, line 358
[Parent 51155, Gecko_IOThread] WARNING: pipe error (68): Connection reset by peer: file /build/firefox-esr-tpvy6K/firefox-esr-68.2.0esr/ipc/chromium/src/chrome/common/ipc_channel_posix.cc, line 358
1582268251175	Marionette	INFO	Stopped listening on port 37831
1582268255322	mozrunner::runner	INFO	Running command: "/usr/bin/firefox" "-marionette" "-foreground" "-no-remote" "-profile" "/tmp/rust_mozprofilesLH9Gt"
1582268256109	addons.webextension.screenshots@mozilla.org	WARN	Loading extension 'screenshots@mozilla.org': Reading manifest: Invalid extension permission: mozillaAddons
1582268256109	addons.webextension.screenshots@mozilla.org	WARN	Loading extension 'screenshots@mozilla.org': Reading manifest: Invalid extension permission: telemetry
1582268256109	addons.webextension.screenshots@mozilla.org	WARN	Loading extension 'screenshots@mozilla.org': Reading manifest: Invalid extension permission: resource://pdf.js/
1582268256109	addons.webextension.screenshots@mozilla.org	WARN	Loading extension 'screenshots@mozilla.org': Reading manifest: Invalid extension permission: about:reader*
JavaScript error: resource:///modules/sessionstore/SessionStore.jsm, line 1325: uncaught exception: 2147746065
1582268258823	Marionette	INFO	Listening on port 45359
1582268258833	Marionette	WARN	TLS certificate errors will be ignored for this session
1582268337989	mozrunner::runner	INFO	Running command: "/usr/bin/firefox" "-marionette" "-foreground" "-no-remote" "-profile" "/tmp/rust_mozprofilek0SNtw"
1582268338727	addons.webextension.screenshots@mozilla.org	WARN	Loading extension 'screenshots@mozilla.org': Reading manifest: Invalid extension permission: mozillaAddons
1582268338727	addons.webextension.screenshots@mozilla.org	WARN	Loading extension 'screenshots@mozilla.org': Reading manifest: Invalid extension permission: telemetry
1582268338728	addons.webextension.screenshots@mozilla.org	WARN	Loading extension 'screenshots@mozilla.org': Reading manifest: Invalid extension permission: resource://pdf.js/
1582268338728	addons.webextension.screenshots@mozilla.org	WARN	Loading extension 'screenshots@mozilla.org': Reading manifest: Invalid extension permission: about:reader*
JavaScript error: resource:///modules/sessionstore/SessionStore.jsm, line 1325: uncaught exception: 2147746065
1582268341583	Marionette	INFO	Listening on port 42255
1582268341602	Marionette	WARN	TLS certificate errors will be ignored for this session
1582268362031	Marionette	INFO	Stopped listening on port 42255
[Parent 51424, Gecko_IOThread] WARNING: pipe error (58): Connection reset by peer: file /build/firefox-esr-tpvy6K/firefox-esr-68.2.0esr/ipc/chromium/src/chrome/common/ipc_channel_posix.cc, line 358
[Parent 51424, Gecko_IOThread] WARNING: pipe error (68): Connection reset by peer: file /build/firefox-esr-tpvy6K/firefox-esr-68.2.0esr/ipc/chromium/src/chrome/common/ipc_channel_posix.cc, line 358
[Parent 51424, Gecko_IOThread] WARNING: pipe error (129): Connection reset by peer: file /build/firefox-esr-tpvy6K/firefox-esr-68.2.0esr/ipc/chromium/src/chrome/common/ipc_channel_posix.cc, line 358
1582268363320	Marionette	INFO	Stopped listening on port 45359
[Child 50993, Chrome_ChildThread] WARNING: pipe error (3): Connection reset by peer: file /build/firefox-esr-tpvy6K/firefox-esr-68.2.0esr/ipc/chromium/src/chrome/common/ipc_channel_posix.cc, line 358

###!!! [Child][MessageChannel] Error: (msgtype=0x53000E,name=PHttpChannel::Msg_DeletingChannel) Channel closing: too late to send/recv, messages will be lost

[Parent 50915, Gecko_IOThread] WARNING: pipe error (68): Connection reset by peer: file /build/firefox-esr-tpvy6K/firefox-esr-68.2.0esr/ipc/chromium/src/chrome/common/ipc_channel_posix.cc, line 358
[Parent 50915, Gecko_IOThread] WARNING: pipe error (60): Connection reset by peer: file /build/firefox-esr-tpvy6K/firefox-esr-68.2.0esr/ipc/chromium/src/chrome/common/ipc_channel_posix.cc, line 358
[Parent 50915, Gecko_IOThread] WARNING: pipe error (130): Connection reset by peer: file /build/firefox-esr-tpvy6K/firefox-esr-68.2.0esr/ipc/chromium/src/chrome/common/ipc_channel_posix.cc, line 358
1582268365565	Marionette	INFO	Stopped listening on port 42139
1582268376325	mozrunner::runner	INFO	Running command: "/usr/bin/firefox" "-marionette" "-foreground" "-no-remote" "-profile" "/tmp/rust_mozprofileu57FeP"
1582268377103	addons.webextension.screenshots@mozilla.org	WARN	Loading extension 'screenshots@mozilla.org': Reading manifest: Invalid extension permission: mozillaAddons
1582268377103	addons.webextension.screenshots@mozilla.org	WARN	Loading extension 'screenshots@mozilla.org': Reading manifest: Invalid extension permission: telemetry
1582268377104	addons.webextension.screenshots@mozilla.org	WARN	Loading extension 'screenshots@mozilla.org': Reading manifest: Invalid extension permission: resource://pdf.js/
1582268377104	addons.webextension.screenshots@mozilla.org	WARN	Loading extension 'screenshots@mozilla.org': Reading manifest: Invalid extension permission: about:reader*
JavaScript error: resource:///modules/sessionstore/SessionStore.jsm, line 1325: uncaught exception: 2147746065
1582268379775	Marionette	INFO	Listening on port 33487
1582268379835	Marionette	WARN	TLS certificate errors will be ignored for this session
[Parent 48891, Gecko_IOThread] WARNING: pipe error (60): Connection reset by peer: file /build/firefox-esr-tpvy6K/firefox-esr-68.2.0esr/ipc/chromium/src/chrome/common/ipc_channel_posix.cc, line 358
[Parent 48891, Gecko_IOThread] WARNING: pipe error (68): Connection reset by peer: file /build/firefox-esr-tpvy6K/firefox-esr-68.2.0esr/ipc/chromium/src/chrome/common/ipc_channel_posix.cc, line 358
1582268407305	Marionette	INFO	Stopped listening on port 38743
[Child 52037, Chrome_ChildThread] WARNING: pipe error (3): Connection reset by peer: file /build/firefox-esr-tpvy6K/firefox-esr-68.2.0esr/ipc/chromium/src/chrome/common/ipc_channel_posix.cc, line 358
[Parent 51962, Gecko_IOThread] WARNING: pipe error (121): Connection reset by peer: file /build/firefox-esr-tpvy6K/firefox-esr-68.2.0esr/ipc/chromium/src/chrome/common/ipc_channel_posix.cc, line 358
1582268410448	Marionette	INFO	Stopped listening on port 33487
1582274969933	mozrunner::runner	INFO	Running command: "/usr/bin/firefox" "-marionette" "-foreground" "-no-remote" "-profile" "/tmp/rust_mozprofileWym6UL"
1582274970737	addons.webextension.screenshots@mozilla.org	WARN	Loading extension 'screenshots@mozilla.org': Reading manifest: Invalid extension permission: mozillaAddons
1582274970737	addons.webextension.screenshots@mozilla.org	WARN	Loading extension 'screenshots@mozilla.org': Reading manifest: Invalid extension permission: telemetry
1582274970738	addons.webextension.screenshots@mozilla.org	WARN	Loading extension 'screenshots@mozilla.org': Reading manifest: Invalid extension permission: resource://pdf.js/
1582274970738	addons.webextension.screenshots@mozilla.org	WARN	Loading extension 'screenshots@mozilla.org': Reading manifest: Invalid extension permission: about:reader*
JavaScript error: resource:///modules/sessionstore/SessionStore.jsm, line 1325: uncaught exception: 2147746065
1582274974042	Marionette	INFO	Listening on port 46519
1582274974145	Marionette	WARN	TLS certificate errors will be ignored for this session
JavaScript error: chrome://browser/content/browser-customization.js, line 176: NS_ERROR_NOT_INITIALIZED: 
IPDL protocol error: Handler returned error code!

###!!! [Parent][DispatchAsyncMessage] Error: PLayerTransaction::Msg_ReleaseLayer Processing error: message was deserialized, but the handler returned false (indicating failure)

IPDL protocol error: Handler returned error code!

###!!! [Parent][DispatchAsyncMessage] Error: PLayerTransaction::Msg_ReleaseLayer Processing error: message was deserialized, but the handler returned false (indicating failure)

IPDL protocol error: Handler returned error code!

###!!! [Parent][DispatchAsyncMessage] Error: PLayerTransaction::Msg_ReleaseLayer Processing error: message was deserialized, but the handler returned false (indicating failure)

IPDL protocol error: Handler returned error code!

###!!! [Parent][DispatchAsyncMessage] Error: PLayerTransaction::Msg_ReleaseLayer Processing error: message was deserialized, but the handler returned false (indicating failure)

IPDL protocol error: Handler returned error code!

###!!! [Parent][DispatchAsyncMessage] Error: PLayerTransaction::Msg_ReleaseLayer Processing error: message was deserialized, but the handler returned false (indicating failure)

console.warn: "Error while detaching the thread front: 'detach' request packet to 'server1.conn1.child1/context18' can't be sent as the connection is closed."

###!!! [Child][RunMessage] Error: Channel closing: too late to send/recv, messages will be lost

[Parent 49110, Gecko_IOThread] WARNING: pipe error (74): Connection reset by peer: file /build/firefox-esr-tpvy6K/firefox-esr-68.2.0esr/ipc/chromium/src/chrome/common/ipc_channel_posix.cc, line 358
1582274994120	Marionette	INFO	Stopped listening on port 34937
IPDL protocol error: Handler returned error code!

###!!! [Parent][DispatchAsyncMessage] Error: PLayerTransaction::Msg_ReleaseLayer Processing error: message was deserialized, but the handler returned false (indicating failure)

IPDL protocol error: Handler returned error code!

###!!! [Parent][DispatchAsyncMessage] Error: PLayerTransaction::Msg_ReleaseLayer Processing error: message was deserialized, but the handler returned false (indicating failure)

IPDL protocol error: Handler returned error code!

###!!! [Parent][DispatchAsyncMessage] Error: PLayerTransaction::Msg_ReleaseLayer Processing error: message was deserialized, but the handler returned false (indicating failure)

IPDL protocol error: Handler returned error code!

###!!! [Parent][DispatchAsyncMessage] Error: PLayerTransaction::Msg_ReleaseLayer Processing error: message was deserialized, but the handler returned false (indicating failure)

IPDL protocol error: Handler returned error code!

###!!! [Parent][DispatchAsyncMessage] Error: PLayerTransaction::Msg_ReleaseLayer Processing error: message was deserialized, but the handler returned false (indicating failure)

console.warn: "Error while detaching the thread front: 'detach' request packet to 'server1.conn0.child1/context18' can't be sent as the connection is closed."

###!!! [Child][MessageChannel] Error: (msgtype=0x53000D,name=PHttpChannel::Msg_RemoveCorsPreflightCacheEntry) Closed channel: cannot send/recv


###!!! [Child][MessageChannel] Error: (msgtype=0x530005,name=PHttpChannel::Msg_Cancel) Closed channel: cannot send/recv

1582275136462	Marionette	INFO	Stopped listening on port 46519
1582275142233	mozrunner::runner	INFO	Running command: "/usr/bin/firefox" "-marionette" "-foreground" "-no-remote" "-profile" "/tmp/rust_mozprofileQw9j3v"
1582275142959	addons.webextension.screenshots@mozilla.org	WARN	Loading extension 'screenshots@mozilla.org': Reading manifest: Invalid extension permission: mozillaAddons
1582275142959	addons.webextension.screenshots@mozilla.org	WARN	Loading extension 'screenshots@mozilla.org': Reading manifest: Invalid extension permission: telemetry
1582275142959	addons.webextension.screenshots@mozilla.org	WARN	Loading extension 'screenshots@mozilla.org': Reading manifest: Invalid extension permission: resource://pdf.js/
1582275142959	addons.webextension.screenshots@mozilla.org	WARN	Loading extension 'screenshots@mozilla.org': Reading manifest: Invalid extension permission: about:reader*
JavaScript error: resource:///modules/sessionstore/SessionStore.jsm, line 1325: uncaught exception: 2147746065
1582275145781	Marionette	INFO	Listening on port 37027
1582275145844	Marionette	WARN	TLS certificate errors will be ignored for this session
console.warn: "Error while detaching the thread front: 'detach' request packet to 'server1.conn0.child1/context18' can't be sent as the connection is closed."

###!!! [Child][MessageChannel] Error: (msgtype=0x53000D,name=PHttpChannel::Msg_RemoveCorsPreflightCacheEntry) Closed channel: cannot send/recv


###!!! [Child][MessageChannel] Error: (msgtype=0x530005,name=PHttpChannel::Msg_Cancel) Closed channel: cannot send/recv

[Parent 61256, Gecko_IOThread] WARNING: pipe error (68): Connection reset by peer: file /build/firefox-esr-tpvy6K/firefox-esr-68.2.0esr/ipc/chromium/src/chrome/common/ipc_channel_posix.cc, line 358
[Parent 61256, Gecko_IOThread] WARNING: pipe error (60): Connection reset by peer: file /build/firefox-esr-tpvy6K/firefox-esr-68.2.0esr/ipc/chromium/src/chrome/common/ipc_channel_posix.cc, line 358
[Parent 61256, Gecko_IOThread] WARNING: pipe error (120): Connection reset by peer: file /build/firefox-esr-tpvy6K/firefox-esr-68.2.0esr/ipc/chromium/src/chrome/common/ipc_channel_posix.cc, line 358
1582275221030	Marionette	INFO	Stopped listening on port 37027
1582275236011	mozrunner::runner	INFO	Running command: "/usr/bin/firefox" "-marionette" "-foreground" "-no-remote" "-profile" "/tmp/rust_mozprofileMCIP9H"
1582275236766	addons.webextension.screenshots@mozilla.org	WARN	Loading extension 'screenshots@mozilla.org': Reading manifest: Invalid extension permission: mozillaAddons
1582275236766	addons.webextension.screenshots@mozilla.org	WARN	Loading extension 'screenshots@mozilla.org': Reading manifest: Invalid extension permission: telemetry
1582275236767	addons.webextension.screenshots@mozilla.org	WARN	Loading extension 'screenshots@mozilla.org': Reading manifest: Invalid extension permission: resource://pdf.js/
1582275236767	addons.webextension.screenshots@mozilla.org	WARN	Loading extension 'screenshots@mozilla.org': Reading manifest: Invalid extension permission: about:reader*
JavaScript error: resource:///modules/sessionstore/SessionStore.jsm, line 1325: uncaught exception: 2147746065
1582275239597	Marionette	INFO	Listening on port 41169
1582275239637	Marionette	WARN	TLS certificate errors will be ignored for this session

###!!! [Child][MessageChannel] Error: (msgtype=0x530005,name=PHttpChannel::Msg_Cancel) Closed channel: cannot send/recv


###!!! [Child][MessageChannel] Error: (msgtype=0x53000D,name=PHttpChannel::Msg_RemoveCorsPreflightCacheEntry) Closed channel: cannot send/recv


###!!! [Child][MessageChannel] Error: (msgtype=0x530005,name=PHttpChannel::Msg_Cancel) Closed channel: cannot send/recv


###!!! [Child][MessageChannel] Error: (msgtype=0x530005,name=PHttpChannel::Msg_Cancel) Closed channel: cannot send/recv

1582275253947	Marionette	INFO	Stopped listening on port 41169
1582275338007	mozrunner::runner	INFO	Running command: "/usr/bin/firefox" "-marionette" "-foreground" "-no-remote" "-profile" "/tmp/rust_mozprofile7QI9dr"
1582275338722	addons.webextension.screenshots@mozilla.org	WARN	Loading extension 'screenshots@mozilla.org': Reading manifest: Invalid extension permission: mozillaAddons
1582275338722	addons.webextension.screenshots@mozilla.org	WARN	Loading extension 'screenshots@mozilla.org': Reading manifest: Invalid extension permission: telemetry
1582275338722	addons.webextension.screenshots@mozilla.org	WARN	Loading extension 'screenshots@mozilla.org': Reading manifest: Invalid extension permission: resource://pdf.js/
1582275338722	addons.webextension.screenshots@mozilla.org	WARN	Loading extension 'screenshots@mozilla.org': Reading manifest: Invalid extension permission: about:reader*
JavaScript error: resource:///modules/sessionstore/SessionStore.jsm, line 1325: uncaught exception: 2147746065
1582275341387	Marionette	INFO	Listening on port 43187
1582275341419	Marionette	WARN	TLS certificate errors will be ignored for this session

###!!! [Child][MessageChannel] Error: (msgtype=0x530005,name=PHttpChannel::Msg_Cancel) Closed channel: cannot send/recv


###!!! [Child][MessageChannel] Error: (msgtype=0x53000D,name=PHttpChannel::Msg_RemoveCorsPreflightCacheEntry) Closed channel: cannot send/recv


###!!! [Child][MessageChannel] Error: (msgtype=0x530005,name=PHttpChannel::Msg_Cancel) Closed channel: cannot send/recv

[Parent 62014, Gecko_IOThread] WARNING: pipe error (126): Connection reset by peer: file /build/firefox-esr-tpvy6K/firefox-esr-68.2.0esr/ipc/chromium/src/chrome/common/ipc_channel_posix.cc, line 358
1582275361658	Marionette	INFO	Stopped listening on port 43187
1582281977001	mozrunner::runner	INFO	Running command: "/usr/bin/firefox" "-marionette" "-foreground" "-no-remote" "-profile" "/tmp/rust_mozprofile7JBYWg"
1582281977751	addons.webextension.screenshots@mozilla.org	WARN	Loading extension 'screenshots@mozilla.org': Reading manifest: Invalid extension permission: mozillaAddons
1582281977751	addons.webextension.screenshots@mozilla.org	WARN	Loading extension 'screenshots@mozilla.org': Reading manifest: Invalid extension permission: telemetry
1582281977752	addons.webextension.screenshots@mozilla.org	WARN	Loading extension 'screenshots@mozilla.org': Reading manifest: Invalid extension permission: resource://pdf.js/
1582281977752	addons.webextension.screenshots@mozilla.org	WARN	Loading extension 'screenshots@mozilla.org': Reading manifest: Invalid extension permission: about:reader*
JavaScript error: resource:///modules/sessionstore/SessionStore.jsm, line 1325: uncaught exception: 2147746065
1582281980791	Marionette	INFO	Listening on port 35957
1582281980819	Marionette	WARN	TLS certificate errors will be ignored for this session

###!!! [Child][MessageChannel] Error: (msgtype=0x530005,name=PHttpChannel::Msg_Cancel) Closed channel: cannot send/recv


###!!! [Child][MessageChannel] Error: (msgtype=0x530005,name=PHttpChannel::Msg_Cancel) Closed channel: cannot send/recv


###!!! [Child][MessageChannel] Error: (msgtype=0x53000D,name=PHttpChannel::Msg_RemoveCorsPreflightCacheEntry) Closed channel: cannot send/recv


###!!! [Child][MessageChannel] Error: (msgtype=0x530005,name=PHttpChannel::Msg_Cancel) Closed channel: cannot send/recv

[Parent 73451, Gecko_IOThread] WARNING: pipe error (122): Connection reset by peer: file /build/firefox-esr-tpvy6K/firefox-esr-68.2.0esr/ipc/chromium/src/chrome/common/ipc_channel_posix.cc, line 358
1582281993098	Marionette	INFO	Stopped listening on port 35957
1582281998106	mozrunner::runner	INFO	Running command: "/usr/bin/firefox" "-marionette" "-foreground" "-no-remote" "-profile" "/tmp/rust_mozprofilehmWZOh"
1582281998843	addons.webextension.screenshots@mozilla.org	WARN	Loading extension 'screenshots@mozilla.org': Reading manifest: Invalid extension permission: mozillaAddons
1582281998843	addons.webextension.screenshots@mozilla.org	WARN	Loading extension 'screenshots@mozilla.org': Reading manifest: Invalid extension permission: telemetry
1582281998843	addons.webextension.screenshots@mozilla.org	WARN	Loading extension 'screenshots@mozilla.org': Reading manifest: Invalid extension permission: resource://pdf.js/
1582281998843	addons.webextension.screenshots@mozilla.org	WARN	Loading extension 'screenshots@mozilla.org': Reading manifest: Invalid extension permission: about:reader*
JavaScript error: resource:///modules/sessionstore/SessionStore.jsm, line 1325: uncaught exception: 2147746065
1582282001587	Marionette	INFO	Listening on port 46525
1582282001618	Marionette	WARN	TLS certificate errors will be ignored for this session

###!!! [Child][MessageChannel] Error: (msgtype=0x530005,name=PHttpChannel::Msg_Cancel) Closed channel: cannot send/recv


###!!! [Child][MessageChannel] Error: (msgtype=0x53000D,name=PHttpChannel::Msg_RemoveCorsPreflightCacheEntry) Closed channel: cannot send/recv


###!!! [Child][MessageChannel] Error: (msgtype=0x530005,name=PHttpChannel::Msg_Cancel) Closed channel: cannot send/recv


###!!! [Child][MessageChannel] Error: (msgtype=0x530005,name=PHttpChannel::Msg_Cancel) Closed channel: cannot send/recv

[Parent 73698, Gecko_IOThread] WARNING: pipe error (122): Connection reset by peer: file /build/firefox-esr-tpvy6K/firefox-esr-68.2.0esr/ipc/chromium/src/chrome/common/ipc_channel_posix.cc, line 358
1582282013673	Marionette	INFO	Stopped listening on port 46525
1582282050387	mozrunner::runner	INFO	Running command: "/usr/bin/firefox" "-marionette" "-foreground" "-no-remote" "-profile" "/tmp/rust_mozprofileF5nW84"
1582282051194	addons.webextension.screenshots@mozilla.org	WARN	Loading extension 'screenshots@mozilla.org': Reading manifest: Invalid extension permission: mozillaAddons
1582282051194	addons.webextension.screenshots@mozilla.org	WARN	Loading extension 'screenshots@mozilla.org': Reading manifest: Invalid extension permission: telemetry
1582282051195	addons.webextension.screenshots@mozilla.org	WARN	Loading extension 'screenshots@mozilla.org': Reading manifest: Invalid extension permission: resource://pdf.js/
1582282051195	addons.webextension.screenshots@mozilla.org	WARN	Loading extension 'screenshots@mozilla.org': Reading manifest: Invalid extension permission: about:reader*
JavaScript error: resource:///modules/sessionstore/SessionStore.jsm, line 1325: uncaught exception: 2147746065
1582282054197	Marionette	INFO	Listening on port 37879
1582282054301	Marionette	WARN	TLS certificate errors will be ignored for this session
[Parent 74030, Gecko_IOThread] WARNING: pipe error (121): Connection reset by peer: file /build/firefox-esr-tpvy6K/firefox-esr-68.2.0esr/ipc/chromium/src/chrome/common/ipc_channel_posix.cc, line 358
1582282078619	Marionette	INFO	Stopped listening on port 37879
1582282527095	mozrunner::runner	INFO	Running command: "/usr/bin/firefox" "-marionette" "-foreground" "-no-remote" "-profile" "/tmp/rust_mozprofileA0Jy26"
1582282527900	addons.webextension.screenshots@mozilla.org	WARN	Loading extension 'screenshots@mozilla.org': Reading manifest: Invalid extension permission: mozillaAddons
1582282527900	addons.webextension.screenshots@mozilla.org	WARN	Loading extension 'screenshots@mozilla.org': Reading manifest: Invalid extension permission: telemetry
1582282527901	addons.webextension.screenshots@mozilla.org	WARN	Loading extension 'screenshots@mozilla.org': Reading manifest: Invalid extension permission: resource://pdf.js/
1582282527901	addons.webextension.screenshots@mozilla.org	WARN	Loading extension 'screenshots@mozilla.org': Reading manifest: Invalid extension permission: about:reader*
JavaScript error: resource:///modules/sessionstore/SessionStore.jsm, line 1325: uncaught exception: 2147746065
1582282530844	Marionette	INFO	Listening on port 40147
1582282530905	Marionette	WARN	TLS certificate errors will be ignored for this session

###!!! [Child][MessageChannel] Error: (msgtype=0x530005,name=PHttpChannel::Msg_Cancel) Closed channel: cannot send/recv


###!!! [Child][MessageChannel] Error: (msgtype=0x530005,name=PHttpChannel::Msg_Cancel) Closed channel: cannot send/recv


###!!! [Child][MessageChannel] Error: (msgtype=0x53000D,name=PHttpChannel::Msg_RemoveCorsPreflightCacheEntry) Closed channel: cannot send/recv


###!!! [Child][MessageChannel] Error: (msgtype=0x530005,name=PHttpChannel::Msg_Cancel) Closed channel: cannot send/recv


###!!! [Child][MessageChannel] Error: (msgtype=0x530005,name=PHttpChannel::Msg_Cancel) Closed channel: cannot send/recv

[Parent 75354, Gecko_IOThread] WARNING: pipe error (105): Connection reset by peer: file /build/firefox-esr-tpvy6K/firefox-esr-68.2.0esr/ipc/chromium/src/chrome/common/ipc_channel_posix.cc, line 358
1582282542571	Marionette	INFO	Stopped listening on port 40147
1582282629435	mozrunner::runner	INFO	Running command: "/usr/bin/firefox" "-marionette" "-foreground" "-no-remote" "-profile" "/tmp/rust_mozprofileWf9LRy"
1582282630225	addons.webextension.screenshots@mozilla.org	WARN	Loading extension 'screenshots@mozilla.org': Reading manifest: Invalid extension permission: mozillaAddons
1582282630226	addons.webextension.screenshots@mozilla.org	WARN	Loading extension 'screenshots@mozilla.org': Reading manifest: Invalid extension permission: telemetry
1582282630226	addons.webextension.screenshots@mozilla.org	WARN	Loading extension 'screenshots@mozilla.org': Reading manifest: Invalid extension permission: resource://pdf.js/
1582282630226	addons.webextension.screenshots@mozilla.org	WARN	Loading extension 'screenshots@mozilla.org': Reading manifest: Invalid extension permission: about:reader*
JavaScript error: resource:///modules/sessionstore/SessionStore.jsm, line 1325: uncaught exception: 2147746065
1582282633105	Marionette	INFO	Listening on port 36843
1582282633160	Marionette	WARN	TLS certificate errors will be ignored for this session

###!!! [Child][MessageChannel] Error: (msgtype=0x530005,name=PHttpChannel::Msg_Cancel) Closed channel: cannot send/recv


###!!! [Child][MessageChannel] Error: (msgtype=0x53000D,name=PHttpChannel::Msg_RemoveCorsPreflightCacheEntry) Closed channel: cannot send/recv


###!!! [Child][MessageChannel] Error: (msgtype=0x530005,name=PHttpChannel::Msg_Cancel) Closed channel: cannot send/recv

[Parent 75835, Gecko_IOThread] WARNING: pipe error (101): Connection reset by peer: file /build/firefox-esr-tpvy6K/firefox-esr-68.2.0esr/ipc/chromium/src/chrome/common/ipc_channel_posix.cc, line 358
1582282654352	Marionette	INFO	Stopped listening on port 36843
1582284187271	mozrunner::runner	INFO	Running command: "/usr/bin/firefox" "-marionette" "-foreground" "-no-remote" "-profile" "/tmp/rust_mozprofileo8qVkl"
1582284188001	addons.webextension.screenshots@mozilla.org	WARN	Loading extension 'screenshots@mozilla.org': Reading manifest: Invalid extension permission: mozillaAddons
1582284188001	addons.webextension.screenshots@mozilla.org	WARN	Loading extension 'screenshots@mozilla.org': Reading manifest: Invalid extension permission: telemetry
1582284188002	addons.webextension.screenshots@mozilla.org	WARN	Loading extension 'screenshots@mozilla.org': Reading manifest: Invalid extension permission: resource://pdf.js/
1582284188002	addons.webextension.screenshots@mozilla.org	WARN	Loading extension 'screenshots@mozilla.org': Reading manifest: Invalid extension permission: about:reader*
JavaScript error: resource:///modules/sessionstore/SessionStore.jsm, line 1325: uncaught exception: 2147746065
1582284190783	Marionette	INFO	Listening on port 43473
1582284190882	Marionette	WARN	TLS certificate errors will be ignored for this session
JavaScript error: resource://activity-stream/lib/ActivityStreamPrefs.jsm, line 23: NS_ERROR_ILLEGAL_VALUE: Component returned failure code: 0x80070057 (NS_ERROR_ILLEGAL_VALUE) [nsIPrefBranch.removeObserver]

###!!! [Child][MessageChannel] Error: (msgtype=0x53000D,name=PHttpChannel::Msg_RemoveCorsPreflightCacheEntry) Closed channel: cannot send/recv


###!!! [Child][MessageChannel] Error: (msgtype=0x530005,name=PHttpChannel::Msg_Cancel) Closed channel: cannot send/recv


###!!! [Child][MessageChannel] Error: (msgtype=0x530005,name=PHttpChannel::Msg_Cancel) Closed channel: cannot send/recv


###!!! [Child][MessageChannel] Error: (msgtype=0x530005,name=PHttpChannel::Msg_Cancel) Closed channel: cannot send/recv

[Parent 78978, Gecko_IOThread] WARNING: pipe error (129): Connection reset by peer: file /build/firefox-esr-tpvy6K/firefox-esr-68.2.0esr/ipc/chromium/src/chrome/common/ipc_channel_posix.cc, line 358
JavaScript error: resource://gre/modules/ExtensionSettingsStore.jsm, line 117: Error: The ExtensionSettingsStore was accessed before the initialize promise resolved.
1582284216405	mozrunner::runner	INFO	Running command: "/usr/bin/firefox" "-marionette" "-foreground" "-no-remote" "-profile" "/tmp/rust_mozprofiletWP1F6"
1582284270431	mozrunner::runner	INFO	Running command: "/usr/bin/firefox" "-marionette" "-foreground" "-no-remote" "-profile" "/tmp/rust_mozprofileL5MaX7"
1582284503896	mozrunner::runner	INFO	Running command: "/usr/bin/firefox" "-marionette" "-foreground" "-no-remote" "-profile" "/tmp/rust_mozprofileemUGqL"
1582284504809	addons.webextension.screenshots@mozilla.org	WARN	Loading extension 'screenshots@mozilla.org': Reading manifest: Invalid extension permission: mozillaAddons
1582284504810	addons.webextension.screenshots@mozilla.org	WARN	Loading extension 'screenshots@mozilla.org': Reading manifest: Invalid extension permission: telemetry
1582284504810	addons.webextension.screenshots@mozilla.org	WARN	Loading extension 'screenshots@mozilla.org': Reading manifest: Invalid extension permission: resource://pdf.js/
1582284504810	addons.webextension.screenshots@mozilla.org	WARN	Loading extension 'screenshots@mozilla.org': Reading manifest: Invalid extension permission: about:reader*
JavaScript error: resource:///modules/sessionstore/SessionStore.jsm, line 1325: uncaught exception: 2147746065
1582284507596	Marionette	INFO	Listening on port 36069
1582284507610	Marionette	WARN	TLS certificate errors will be ignored for this session

###!!! [Child][RunMessage] Error: Channel closing: too late to send/recv, messages will be lost


###!!! [Child][RunMessage] Error: Channel closing: too late to send/recv, messages will be lost

1582284535184	Marionette	INFO	Stopped listening on port 36069
1582285295101	mozrunner::runner	INFO	Running command: "/usr/bin/firefox" "-marionette" "-foreground" "-no-remote" "-profile" "/tmp/rust_mozprofileZxAwj6"
1582285295926	addons.webextension.screenshots@mozilla.org	WARN	Loading extension 'screenshots@mozilla.org': Reading manifest: Invalid extension permission: mozillaAddons
1582285295926	addons.webextension.screenshots@mozilla.org	WARN	Loading extension 'screenshots@mozilla.org': Reading manifest: Invalid extension permission: telemetry
1582285295926	addons.webextension.screenshots@mozilla.org	WARN	Loading extension 'screenshots@mozilla.org': Reading manifest: Invalid extension permission: resource://pdf.js/
1582285295927	addons.webextension.screenshots@mozilla.org	WARN	Loading extension 'screenshots@mozilla.org': Reading manifest: Invalid extension permission: about:reader*
JavaScript error: resource:///modules/sessionstore/SessionStore.jsm, line 1325: uncaught exception: 2147746065
1582285298573	Marionette	INFO	Listening on port 39505
1582285298616	Marionette	WARN	TLS certificate errors will be ignored for this session

###!!! [Child][MessageChannel] Error: (msgtype=0x530005,name=PHttpChannel::Msg_Cancel) Closed channel: cannot send/recv


###!!! [Child][MessageChannel] Error: (msgtype=0x53000D,name=PHttpChannel::Msg_RemoveCorsPreflightCacheEntry) Closed channel: cannot send/recv


###!!! [Child][MessageChannel] Error: (msgtype=0x530005,name=PHttpChannel::Msg_Cancel) Closed channel: cannot send/recv


###!!! [Child][MessageChannel] Error: (msgtype=0x530005,name=PHttpChannel::Msg_Cancel) Closed channel: cannot send/recv

[Parent 80940, Gecko_IOThread] WARNING: pipe error (129): Connection reset by peer: file /build/firefox-esr-tpvy6K/firefox-esr-68.2.0esr/ipc/chromium/src/chrome/common/ipc_channel_posix.cc, line 358
1582285311490	Marionette	INFO	Stopped listening on port 39505
1582285334527	mozrunner::runner	INFO	Running command: "/usr/bin/firefox" "-marionette" "-foreground" "-no-remote" "-profile" "/tmp/rust_mozprofileCQnG1T"
1582285335240	addons.webextension.screenshots@mozilla.org	WARN	Loading extension 'screenshots@mozilla.org': Reading manifest: Invalid extension permission: mozillaAddons
1582285335240	addons.webextension.screenshots@mozilla.org	WARN	Loading extension 'screenshots@mozilla.org': Reading manifest: Invalid extension permission: telemetry
1582285335240	addons.webextension.screenshots@mozilla.org	WARN	Loading extension 'screenshots@mozilla.org': Reading manifest: Invalid extension permission: resource://pdf.js/
1582285335240	addons.webextension.screenshots@mozilla.org	WARN	Loading extension 'screenshots@mozilla.org': Reading manifest: Invalid extension permission: about:reader*
JavaScript error: resource:///modules/sessionstore/SessionStore.jsm, line 1325: uncaught exception: 2147746065
1582285338003	Marionette	INFO	Listening on port 46321
1582285338045	Marionette	WARN	TLS certificate errors will be ignored for this session

###!!! [Child][RunMessage] Error: Channel closing: too late to send/recv, messages will be lost

[Child 81275, Chrome_ChildThread] WARNING: pipe error (3): Connection reset by peer: file /build/firefox-esr-tpvy6K/firefox-esr-68.2.0esr/ipc/chromium/src/chrome/common/ipc_channel_posix.cc, line 358

###!!! [Child][RunMessage] Error: Channel closing: too late to send/recv, messages will be lost

1582285351435	Marionette	INFO	Stopped listening on port 46321
1582288483307	mozrunner::runner	INFO	Running command: "/usr/bin/firefox" "-marionette" "-foreground" "-no-remote" "-profile" "/tmp/rust_mozprofilewkRWVA"
1582288484112	addons.webextension.screenshots@mozilla.org	WARN	Loading extension 'screenshots@mozilla.org': Reading manifest: Invalid extension permission: mozillaAddons
1582288484112	addons.webextension.screenshots@mozilla.org	WARN	Loading extension 'screenshots@mozilla.org': Reading manifest: Invalid extension permission: telemetry
1582288484113	addons.webextension.screenshots@mozilla.org	WARN	Loading extension 'screenshots@mozilla.org': Reading manifest: Invalid extension permission: resource://pdf.js/
1582288484113	addons.webextension.screenshots@mozilla.org	WARN	Loading extension 'screenshots@mozilla.org': Reading manifest: Invalid extension permission: about:reader*
JavaScript error: resource:///modules/sessionstore/SessionStore.jsm, line 1325: uncaught exception: 2147746065
1582288487170	Marionette	INFO	Listening on port 32865
1582288487218	Marionette	WARN	TLS certificate errors will be ignored for this session

###!!! [Child][MessageChannel] Error: (msgtype=0x53000D,name=PHttpChannel::Msg_RemoveCorsPreflightCacheEntry) Closed channel: cannot send/recv


###!!! [Child][MessageChannel] Error: (msgtype=0x530005,name=PHttpChannel::Msg_Cancel) Closed channel: cannot send/recv


###!!! [Child][MessageChannel] Error: (msgtype=0x530005,name=PHttpChannel::Msg_Cancel) Closed channel: cannot send/recv

1582288506077	Marionette	INFO	Stopped listening on port 32865
1582294618579	mozrunner::runner	INFO	Running command: "/usr/bin/firefox" "-marionette" "-foreground" "-no-remote" "-profile" "/tmp/rust_mozprofileU3hdlK"
1582294619382	addons.webextension.screenshots@mozilla.org	WARN	Loading extension 'screenshots@mozilla.org': Reading manifest: Invalid extension permission: mozillaAddons
1582294619383	addons.webextension.screenshots@mozilla.org	WARN	Loading extension 'screenshots@mozilla.org': Reading manifest: Invalid extension permission: telemetry
1582294619383	addons.webextension.screenshots@mozilla.org	WARN	Loading extension 'screenshots@mozilla.org': Reading manifest: Invalid extension permission: resource://pdf.js/
1582294619383	addons.webextension.screenshots@mozilla.org	WARN	Loading extension 'screenshots@mozilla.org': Reading manifest: Invalid extension permission: about:reader*
JavaScript error: resource:///modules/sessionstore/SessionStore.jsm, line 1325: uncaught exception: 2147746065
1582294622351	Marionette	INFO	Listening on port 35163
1582294622390	Marionette	WARN	TLS certificate errors will be ignored for this session
[Parent 92097, Gecko_IOThread] WARNING: pipe error (117): Connection reset by peer: file /build/firefox-esr-tpvy6K/firefox-esr-68.2.0esr/ipc/chromium/src/chrome/common/ipc_channel_posix.cc, line 358
1582294640856	Marionette	INFO	Stopped listening on port 35163
